0 info it worked if it ends with ok
1 verbose cli [ '/usr/bin/node', '/usr/bin/npm', 'install', 'v5.1.1' ]
2 info using npm@1.4.28
3 info using node@v0.10.37
4 verbose node symlink /usr/bin/node
5 verbose cache add [ 'v5.1.1', null ]
6 verbose cache add name=undefined spec="v5.1.1" args=["v5.1.1",null]
7 verbose parsed url { protocol: null,
7 verbose parsed url   slashes: null,
7 verbose parsed url   auth: null,
7 verbose parsed url   host: null,
7 verbose parsed url   port: null,
7 verbose parsed url   hostname: null,
7 verbose parsed url   hash: null,
7 verbose parsed url   search: null,
7 verbose parsed url   query: null,
7 verbose parsed url   pathname: 'v5.1.1',
7 verbose parsed url   path: 'v5.1.1',
7 verbose parsed url   href: 'v5.1.1' }
8 silly lockFile ed894d4f-v5-1-1 v5.1.1
9 verbose lock v5.1.1 /home/theo/.npm/ed894d4f-v5-1-1.lock
10 silly lockFile ed894d4f-v5-1-1 v5.1.1
11 silly lockFile ed894d4f-v5-1-1 v5.1.1
12 verbose addNamed [ 'v5.1.1', '' ]
13 verbose addNamed [ null, '*' ]
14 silly lockFile 741a6687-v5-1-1 v5.1.1@
15 verbose lock v5.1.1@ /home/theo/.npm/741a6687-v5-1-1.lock
16 silly addNameRange { name: 'v5.1.1', range: '*', hasData: false }
17 verbose request where is /v5.1.1
18 verbose request registry https://registry.npmjs.org/
19 verbose request id 467be855f4600a78
20 verbose url raw /v5.1.1
21 verbose url resolving [ 'https://registry.npmjs.org/', './v5.1.1' ]
22 verbose url resolved https://registry.npmjs.org/v5.1.1
23 verbose request where is https://registry.npmjs.org/v5.1.1
24 info trying registry request attempt 1 at 11:33:52
25 http GET https://registry.npmjs.org/v5.1.1
26 http 404 https://registry.npmjs.org/v5.1.1
27 silly registry.get cb [ 404,
27 silly registry.get   { 'content-type': 'application/json',
27 silly registry.get     'cache-control': 'max-age=0',
27 silly registry.get     'content-length': '2',
27 silly registry.get     'accept-ranges': 'bytes',
27 silly registry.get     date: 'Mon, 07 Dec 2015 19:33:52 GMT',
27 silly registry.get     via: '1.1 varnish',
27 silly registry.get     age: '0',
27 silly registry.get     connection: 'keep-alive',
27 silly registry.get     'x-served-by': 'cache-sjc3134-SJC',
27 silly registry.get     'x-cache': 'MISS',
27 silly registry.get     'x-cache-hits': '0',
27 silly registry.get     'x-timer': 'S1449516832.287304,VS0,VE97' } ]
28 silly lockFile 741a6687-v5-1-1 v5.1.1@
29 silly lockFile 741a6687-v5-1-1 v5.1.1@
30 error 404 Not Found
30 error 404
30 error 404 'v5.1.1' is not in the npm registry.
30 error 404 You should bug the author to publish it
30 error 404
30 error 404 Note that you can also install from a
30 error 404 tarball, folder, or http url, or git url.
31 error System Linux 3.19.0-31-generic
32 error command "/usr/bin/node" "/usr/bin/npm" "install" "v5.1.1"
33 error cwd /home/theo/GitHub/Lighthouse/W7/D1
34 error node -v v0.10.37
35 error npm -v 1.4.28
36 error code E404
37 verbose exit [ 1, true ]
